Arguments: 
  /Users/mponsa/.nvm/versions/node/v6.9.2/bin/node /usr/local/Cellar/yarn/1.22.4/libexec/bin/yarn.js add jquery

PATH: 
  /Users/mponsa/Library/Python/TU-VERSION-DE-PYTHON/bin:/Users/mponsa/.sdkman/candidates/java/current/bin:/Users/mponsa/.sdkman/candidates/groovy/current/bin:/Users/mponsa/.sdkman/candidates/grails/current/bin:/Users/mponsa/.nvm/versions/node/v6.9.2/bin:/Users/mponsa/Library/Python/3.7/bin:/Library/Frameworks/Python.framework/Versions/3.7/bin:/Users/mponsa/Library/Python/2.7/bin:/Users/mponsa/bin:/usr/local/bin:/usr/bin:/bin:/usr/sbin:/sbin:/usr/local/go/bin:/Users/mponsa/go/bin:/bin

Yarn version: 
  1.22.4

Node version: 
  6.9.2

Platform: 
  darwin x64

Trace: 
  Error: getaddrinfo ENOTFOUND registry.npm.ml.com registry.npm.ml.com:80
      at errnoException (dns.js:28:10)
      at GetAddrInfoReqWrap.onlookup [as oncomplete] (dns.js:76:26)

npm manifest: 
  {
    "name": "modsim",
    "version": "1.0.0",
    "description": "Viz for ODE",
    "main": "index.js",
    "repository": "git@github.com:mponsa/modsim.git",
    "author": "mponsa <manuponsa@gmail.com>",
    "license": "MIT"
  }

yarn manifest: 
  No manifest

Lockfile: 
  No lockfile
